Arguments: 
  /home/princeomonu/.nvm/versions/node/v16.15.0/bin/node /home/princeomonu/.yarn/bin/yarn.js publish

PATH: 
  /home/princeomonu/.yarn/bin:/home/princeomonu/.config/yarn/global/node_modules/.bin:/home/princeomonu/.local/bin:/home/princeomonu/.yarn/bin:/home/princeomonu/.config/yarn/global/node_modules/.bin:/home/princeomonu/.nvm/versions/node/v16.15.0/bin:/home/princeomonu/.local/bin:/usr/local/sbin:/usr/local/bin:/usr/sbin:/usr/bin:/sbin:/bin:/usr/games:/usr/local/games:/snap/bin:/usr/local/go/bin:/usr/local/go/bin

Yarn version: 
  1.22.19

Node version: 
  16.15.0

Platform: 
  linux x64

Trace: 
  Error: canceled
      at Interface.<anonymous> (/home/princeomonu/.yarn/lib/cli.js:137150:13)
      at Interface.emit (node:events:527:28)
      at Interface._ttyWrite (node:readline:1081:16)
      at ReadStream.onkeypress (node:readline:288:10)
      at ReadStream.emit (node:events:527:28)
      at emitKeys (node:internal/readline/utils:358:14)
      at emitKeys.next (<anonymous>)
      at ReadStream.onData (node:internal/readline/emitKeypressEvents:61:36)
      at ReadStream.emit (node:events:527:28)
      at addChunk (node:internal/streams/readable:315:12)

npm manifest: 
  {
    "name": "simple-mongo-client",
    "version": "2.0.0",
    "main": "lib/index.js",
    "types": "lib/index.d.ts",
    "license": "MIT",
    "description": "Shemaless, Promise based mongoDB driver, Just connect to a collection and use!",
    "keywords": [
      "mongodb",
      "database",
      "driver",
      "promise",
      "noSql",
      "schemaless"
    ],
    "author": {
      "name": "Prince Omonu Itanyi",
      "email": "omonuitanyi@gmail.com",
      "url": "https://princeomonu.com"
    },
    "dependencies": {
      "mongodb": "^4.12.1"
    },
    "devDependencies": {
      "@shelf/jest-mongodb": "^4.1.4",
      "@types/jest": "^29.2.4",
      "@types/node": "^18.11.13",
      "jest": "^29.3.1",
      "ts-jest": "^29.0.3",
      "typescript": "^4.9.4"
    },
    "scripts": {
      "build": "tsc -p tsconfig.json && tsc -p tsconfig-cjs.json",
      "prepublishOnly": "npm run build",
      "test:publish": "npm publish --registry http://localhost:4873/",
      "test": "npx jest --detectOpenHandles"
    },
    "repository": "git://github.com/princeomonu/simple-mongo-driver.git"
  }

yarn manifest: 
  No manifest

Lockfile: 
  No lockfile
